Arguments: 
  /opt/homebrew/Cellar/node/19.1.0/bin/node /opt/homebrew/bin/yarn build

PATH: 
  /opt/homebrew/Cellar/go/1.18/libexec/bin:/Users/william/go/bin:/Users/william/.local/share/fig/plugins/git-open:/Users/william/bin:/Users/william/.cargo/bin:/opt/homebrew/bin:/opt/homebrew/sbin:/usr/local/bin:/usr/bin:/bin:/usr/sbin:/sbin:/usr/local/MacGPG2/bin:/usr/local/share/dotnet:~/.dotnet/tools:/Library/Frameworks/Mono.framework/Versions/Current/Commands:/Users/william/.cargo/bin:/Users/william/IdeaProjects/cosmwasm-as/node_modules/.bin:/Users/william/.fig/bin:/Users/william/.local/bin

Yarn version: 
  1.22.18

Node version: 
  19.1.0

Platform: 
  darwin arm64

Trace: 
  SyntaxError: /Users/william/IdeaProjects/cosmwasm-as/contracts/cw-as-counter/package.json: Unexpected non-whitespace character after JSON at position 1098
      at JSON.parse (<anonymous>)
      at /opt/homebrew/lib/node_modules/yarn/lib/cli.js:1625:59
      at Generator.next (<anonymous>)
      at step (/opt/homebrew/lib/node_modules/yarn/lib/cli.js:310:30)
      at /opt/homebrew/lib/node_modules/yarn/lib/cli.js:321:13

npm manifest: 
  {
    "name": "cw-as-counter",
    "version": "1.0.0",
    "description": "AssemblyScript implementation of basic CosmWasm counter contract",
    "main": "index.js",
    "author": "William Chen",
    "license": "MIT",
    "devDependencies": {
  	"assemblyscript": "^0.24.1",
  	"binaryen": "^111.0.0",
  	"visitor-as": "^0.11.3",
  	"@terran-one/cosmwasm-as-rewrite-wasm": "*"
    },
    "type": "module",
    "exports": {
  	".": {
  	  "import": "./build/release.js",
  	  "types": "./build/release.d.ts"
  	}
    },
    "scripts": {
  	"build": "yarn asbuild && yarn rewrite-wasm",
  	"asbuild:debug": "asc assembly/index.ts --target debug --disable bulk-memory --sourceMap --runtime stub --exportStart --use abort=assembly/index/logAndCrash --debug",
  	"asbuild:release": "asc assembly/index.ts --target release --disable bulk-memory --sourceMap --runtime stub --exportStart --use abort=assembly/index/logAndCrash --debug",
  	"asbuild": "npm run asbuild:debug && npm run asbuild:release",
  	"rewrite-wasm": "cosmwasm-as-rewrite-wasm build/debug.wasm && cosmwasm-as-rewrite-wasm --optimize=1 build/release.wasm"
    },
  	"test": "node tests"
    },
    "dependencies": {
  	"@terran-one/cosmwasm-as-std": "*",
  	"as-base64": "^0.2.0",
  	"as-container": "^0.6.1",
  	"json-as": "^0.5.4"
    }
  }

yarn manifest: 
  No manifest

Lockfile: 
  # THIS IS AN AUTOGENERATED FILE. DO NOT EDIT THIS FILE DIRECTLY.
  # yarn lockfile v1
  
  
  "@assemblyscript/loader@^0.19.5":
    version "0.19.23"
    resolved "https://registry.yarnpkg.com/@assemblyscript/loader/-/loader-0.19.23.tgz#7fccae28d0a2692869f1d1219d36093bc24d5e72"
    integrity sha512-ulkCYfFbYj01ie1MDOyxv2F6SpRN1TOj7fQxbP07D6HmeR+gr2JLSmINKjga2emB+b1L2KGrFKBTc+e00p54nw==
  
  as-base64@^0.2.0:
    version "0.2.0"
    resolved "https://registry.yarnpkg.com/as-base64/-/as-base64-0.2.0.tgz#b4bed937c93bfb6524b932b517e1b8571a0dd518"
    integrity sha512-j6JxprAVN4SXUcZiSChuMBf0JJOCdh5OfrHAepluxmFWuDZZm+YjmfNSk8djUHRPEB+Ui5HGvrz46GLvTJf3ig==
  
  as-container@^0.6.1:
    version "0.6.1"
    resolved "https://registry.yarnpkg.com/as-container/-/as-container-0.6.1.tgz#94806a91e96b68622c55f301fc04e6339a1228c2"
    integrity sha512-cgQ7P/dQAGeU2lLhPpinThYfFcUw3HzV8b00CoqV+l5Tsgpl7xhXdoc/2srCyK0um1BVAQwlrEpNTtthzkMF+g==
  
  as-string-sink@^0.5.0:
    version "0.5.2"
    resolved "https://registry.yarnpkg.com/as-string-sink/-/as-string-sink-0.5.2.tgz#39da159c01a2064a1dadd872a38c743369dd567f"
    integrity sha512-HJmhbgJWqfllV7ltZxpMaj/AxSkokb3MzYo1Qd+0HIB9zyzChu1SXBmNc3n0U3XrT6/NIeQvBUegxaXwoUNXAg==
  
  as-variant@^0.4.0:
    version "0.4.0"
    resolved "https://registry.yarnpkg.com/as-variant/-/as-variant-0.4.0.tgz#14dad464a7aef8bf61c5f587b396f6915459befa"
    integrity sha512-EJUrF7R/G+TQ8t/cH2S7Z9t3v4eKfggCr7HBQGVRXCk+eehs7YOfvR7ScTSAt6vsOui9S5zCkXa1gAGZ9F7vJg==
    dependencies:
      "@assemblyscript/loader" "^0.19.5"
  
  assemblyscript@^0.24.1:
    version "0.24.1"
    resolved "https://registry.yarnpkg.com/assemblyscript/-/assemblyscript-0.24.1.tgz#87a32da2cd2962ffdb4d44e159751b52d3594421"
    integrity sha512-uqR7NW0z/QFuqOkszoCb2F2jJI0VsmmmATRYG2JGzspC9nkct/8+6Pad7amCnIRriAC/T9AknEs+Qv/U/+fNpQ==
    dependencies:
      binaryen "110.0.0-nightly.20221105"
      long "^5.2.0"
  
  binaryen@110.0.0-nightly.20221105:
    version "110.0.0-nightly.20221105"
    resolved "https://registry.yarnpkg.com/binaryen/-/binaryen-110.0.0-nightly.20221105.tgz#9e3c47e8ffa31521acd125013dca3ceea143d0bf"
    integrity sha512-OBESOc51q3SwgG8Uv8nMzGnSq7LJpSB/Fu8B3AjlZg6YtCEwRnlDWlnwNB6mdql+VdexfKmNcsrs4K7MYidmdQ==
  
  binaryen@^111.0.0:
    version "111.0.0"
    resolved "https://registry.yarnpkg.com/binaryen/-/binaryen-111.0.0.tgz#dd970a11d8fe61959f77d609dfee3c19ad80b80a"
    integrity sha512-PEXOSHFO85aj1aP4t+KGzvxQ00qXbjCysWlsDjlGkP1e9owNiYdpEkLej21Ax8LDD7xJ01rEmJDqZ/JPoW2GXw==
  
  json-as@^0.5.4:
    version "0.5.4"
    resolved "https://registry.yarnpkg.com/json-as/-/json-as-0.5.4.tgz#57f3d528a08357b65e1ca98696b851228186801f"
    integrity sha512-eTr7Yia9QXC8G4Lto1BPoaJpAa9EiiPKaUl/hdCT0nzlSFKl4cF9UwV98OQW7XySVn6rbq4AYX6I+RMO39ufPg==
    dependencies:
      as-string-sink "^0.5.0"
      as-variant "^0.4.0"
  
  lodash.clonedeep@^4.5.0:
    version "4.5.0"
    resolved "https://registry.yarnpkg.com/lodash.clonedeep/-/lodash.clonedeep-4.5.0.tgz#e23f3f9c4f8fbdde872529c1071857a086e5ccef"
    integrity sha512-H5ZhCF25riFd9uB5UCkVKo61m3S/xZk1x4wA6yp/L3RFP6Z/eHH1ymQcGLo7J3GMPfm0V/7m1tryHuGVxpqEBQ==
  
  long@^5.2.0:
    version "5.2.1"
    resolved "https://registry.yarnpkg.com/long/-/long-5.2.1.tgz#e27595d0083d103d2fa2c20c7699f8e0c92b897f"
    integrity sha512-GKSNGeNAtw8IryjjkhZxuKB3JzlcLTwjtiQCHKvqQet81I93kXslhDQruGI/QsddO83mcDToBVy7GqGS/zYf/A==
  
  ts-mixer@^6.0.2:
    version "6.0.2"
    resolved "https://registry.yarnpkg.com/ts-mixer/-/ts-mixer-6.0.2.tgz#3e4e4bb8daffb24435f6980b15204cb5b287e016"
    integrity sha512-zvHx3VM83m2WYCE8XL99uaM7mFwYSkjR2OZti98fabHrwkjsCvgwChda5xctein3xGOyaQhtTeDq/1H/GNvF3A==
  
  visitor-as@^0.11.3:
    version "0.11.3"
    resolved "https://registry.yarnpkg.com/visitor-as/-/visitor-as-0.11.3.tgz#93c0afcb4ca1564ad58ccebb06c868d4ee11cc13"
    integrity sha512-5dUn/URe/Ky2gPBFj+a5teKcGgWoOfpNiJ0ApGWBbrGWVZC/Nf8ATuCeeEGqMNFfzqhmqe6e68/dSHYiSYTDJw==
    dependencies:
      lodash.clonedeep "^4.5.0"
      ts-mixer "^6.0.2"
